<testsuites id="" name="" tests="3" failures="0" skipped="0" errors="0" time="28.042704">
<testsuite name="smoke/basic-auth.spec.ts" timestamp="2025-08-07T13:05:32.313Z" hostname="chromium" tests="3" failures="0" skipped="0" time="36.787" errors="0">
<testcase name="Basic Authentication Smoke Tests › can visit sign-in page" classname="smoke/basic-auth.spec.ts" time="10.19">
<system-out>
<![CDATA[✅ Database reset complete
✅ Test data seeded successfully
  - Admin: admin@test.com
  - User1: user1@test.com
  - User2: user2@test.com
]]>
</system-out>
</testcase>
<testcase name="Basic Authentication Smoke Tests › can sign in with valid credentials" classname="smoke/basic-auth.spec.ts" time="13.945">
<system-out>
<![CDATA[✅ Database reset complete
✅ Test data seeded successfully
  - Admin: admin@test.com
  - User1: user1@test.com
  - User2: user2@test.com
]]>
</system-out>
</testcase>
<testcase name="Basic Authentication Smoke Tests › invalid credentials show error" classname="smoke/basic-auth.spec.ts" time="12.652">
<system-out>
<![CDATA[✅ Database reset complete
✅ Test data seeded successfully
  - Admin: admin@test.com
  - User1: user1@test.com
  - User2: user2@test.com
]]>
</system-out>
</testcase>
</testsuite>
</testsuites>